# JRE version: OpenJDK Runtime Environment (7.0_55-b14) (build 1.7.0_55-b14)
# Java VM: OpenJDK 64-Bit Server VM (24.51-b03 mixed mode linux-amd64 compressed oops)
Heap
 PSYoungGen      total 326656K, used 326240K [0x00000000ec080000, 0x0000000100000000, 0x0000000100000000)
  eden space 326144K, 100% used [0x00000000ec080000,0x00000000fff00000,0x00000000fff00000)
  from space 512K, 18% used [0x00000000fff80000,0x00000000fff98000,0x0000000100000000)
  to   space 512K, 0% used [0x00000000fff00000,0x00000000fff00000,0x00000000fff80000)
 ParOldGen       total 49152K, used 44030K [0x00000000c4200000, 0x00000000c7200000, 0x00000000ec080000)
  object space 49152K, 89% used [0x00000000c4200000,0x00000000c6cff808,0x00000000c7200000)
 PSPermGen       total 77824K, used 38713K [0x00000000b9c00000, 0x00000000be800000, 0x00000000c4200000)
  object space 77824K, 49% used [0x00000000b9c00000,0x00000000bc1ce480,0x00000000be800000)
GC Heap History (10 events):
Event: 662.783 GC heap before
{Heap before GC invocations=1171 (full 1):
 PSYoungGen      total 326656K, used 326208K [0x00000000ec080000, 0x0000000100000000, 0x0000000100000000)
  eden space 326144K, 100% used [0x00000000ec080000,0x00000000fff00000,0x00000000fff00000)
  from space 512K, 12% used [0x00000000fff00000,0x00000000fff10000,0x00000000fff80000)
  to   space 512K, 0% used [0x00000000fff80000,0x00000000fff80000,0x0000000100000000)
 ParOldGen       total 49152K, used 44030K [0x00000000c4200000, 0x00000000c7200000, 0x00000000ec080000)
  object space 49152K, 89% used [0x00000000c4200000,0x00000000c6cff808,0x00000000c7200000)
 PSPermGen       total 77824K, used 38713K [0x00000000b9c00000, 0x00000000be800000, 0x00000000c4200000)
  object space 77824K, 49% used [0x00000000b9c00000,0x00000000bc1ce480,0x00000000be800000)
Event: 662.785 GC heap after
Heap after GC invocations=1171 (full 1):
 PSYoungGen      total 326656K, used 64K [0x00000000ec080000, 0x0000000100000000, 0x0000000100000000)
  eden space 326144K, 0% used [0x00000000ec080000,0x00000000ec080000,0x00000000fff00000)
  from space 512K, 12% used [0x00000000fff80000,0x00000000fff90000,0x0000000100000000)
  to   space 512K, 0% used [0x00000000fff00000,0x00000000fff00000,0x00000000fff80000)
 ParOldGen       total 49152K, used 44030K [0x00000000c4200000, 0x00000000c7200000, 0x00000000ec080000)
  object space 49152K, 89% used [0x00000000c4200000,0x00000000c6cff808,0x00000000c7200000)
 PSPermGen       total 77824K, used 38713K [0x00000000b9c00000, 0x00000000be800000, 0x00000000c4200000)
  object space 77824K, 49% used [0x00000000b9c00000,0x00000000bc1ce480,0x00000000be800000)
}
Event: 663.130 GC heap before
{Heap before GC invocations=1172 (full 1):
 PSYoungGen      total 326656K, used 326208K [0x00000000ec080000, 0x0000000100000000, 0x0000000100000000)
  eden space 326144K, 100% used [0x00000000ec080000,0x00000000fff00000,0x00000000fff00000)
  from space 512K, 12% used [0x00000000fff80000,0x00000000fff90000,0x0000000100000000)
  to   space 512K, 0% used [0x00000000fff00000,0x00000000fff00000,0x00000000fff80000)
 ParOldGen       total 49152K, used 44030K [0x00000000c4200000, 0x00000000c7200000, 0x00000000ec080000)
  object space 49152K, 89% used [0x00000000c4200000,0x00000000c6cff808,0x00000000c7200000)
 PSPermGen       total 77824K, used 38713K [0x00000000b9c00000, 0x00000000be800000, 0x00000000c4200000)
  object space 77824K, 49% used [0x00000000b9c00000,0x00000000bc1ce480,0x00000000be800000)
Event: 663.133 GC heap after
Heap after GC invocations=1172 (full 1):
 PSYoungGen      total 326656K, used 96K [0x00000000ec080000, 0x0000000100000000, 0x0000000100000000)
  eden space 326144K, 0% used [0x00000000ec080000,0x00000000ec080000,0x00000000fff00000)
  from space 512K, 18% used [0x00000000fff00000,0x00000000fff18000,0x00000000fff80000)
  to   space 512K, 0% used [0x00000000fff80000,0x00000000fff80000,0x0000000100000000)
 ParOldGen       total 49152K, used 44030K [0x00000000c4200000, 0x00000000c7200000, 0x00000000ec080000)
  object space 49152K, 89% used [0x00000000c4200000,0x00000000c6cff808,0x00000000c7200000)
 PSPermGen       total 77824K, used 38713K [0x00000000b9c00000, 0x00000000be800000, 0x00000000c4200000)
  object space 77824K, 49% used [0x00000000b9c00000,0x00000000bc1ce480,0x00000000be800000)
}
Event: 663.480 GC heap before
{Heap before GC invocations=1173 (full 1):
 PSYoungGen      total 326656K, used 326240K [0x00000000ec080000, 0x0000000100000000, 0x0000000100000000)
  eden space 326144K, 100% used [0x00000000ec080000,0x00000000fff00000,0x00000000fff00000)
  from space 512K, 18% used [0x00000000fff00000,0x00000000fff18000,0x00000000fff80000)
  to   space 512K, 0% used [0x00000000fff80000,0x00000000fff80000,0x0000000100000000)
 ParOldGen       total 49152K, used 44030K [0x00000000c4200000, 0x00000000c7200000, 0x00000000ec080000)
  object space 49152K, 89% used [0x00000000c4200000,0x00000000c6cff808,0x00000000c7200000)
 PSPermGen       total 77824K, used 38713K [0x00000000b9c00000, 0x00000000be800000, 0x00000000c4200000)
  object space 77824K, 49% used [0x00000000b9c00000,0x00000000bc1ce480,0x00000000be800000)
Event: 663.482 GC heap after
Heap after GC invocations=1173 (full 1):
 PSYoungGen      total 326656K, used 64K [0x00000000ec080000, 0x0000000100000000, 0x0000000100000000)
  eden space 326144K, 0% used [0x00000000ec080000,0x00000000ec080000,0x00000000fff00000)
  from space 512K, 12% used [0x00000000fff80000,0x00000000fff90000,0x0000000100000000)
  to   space 512K, 0% used [0x00000000fff00000,0x00000000fff00000,0x00000000fff80000)
 ParOldGen       total 49152K, used 44030K [0x00000000c4200000, 0x00000000c7200000, 0x00000000ec080000)
  object space 49152K, 89% used [0x00000000c4200000,0x00000000c6cff808,0x00000000c7200000)
 PSPermGen       total 77824K, used 38713K [0x00000000b9c00000, 0x00000000be800000, 0x00000000c4200000)
  object space 77824K, 49% used [0x00000000b9c00000,0x00000000bc1ce480,0x00000000be800000)
}
Event: 663.899 GC heap before
{Heap before GC invocations=1174 (full 1):
 PSYoungGen      total 326656K, used 326208K [0x00000000ec080000, 0x0000000100000000, 0x0000000100000000)
  eden space 326144K, 100% used [0x00000000ec080000,0x00000000fff00000,0x00000000fff00000)
  from space 512K, 12% used [0x00000000fff80000,0x00000000fff90000,0x0000000100000000)
  to   space 512K, 0% used [0x00000000fff00000,0x00000000fff00000,0x00000000fff80000)
 ParOldGen       total 49152K, used 44030K [0x00000000c4200000, 0x00000000c7200000, 0x00000000ec080000)
  object space 49152K, 89% used [0x00000000c4200000,0x00000000c6cff808,0x00000000c7200000)
 PSPermGen       total 77824K, used 38713K [0x00000000b9c00000, 0x00000000be800000, 0x00000000c4200000)
  object space 77824K, 49% used [0x00000000b9c00000,0x00000000bc1ce480,0x00000000be800000)
Event: 663.900 GC heap after
Heap after GC invocations=1174 (full 1):
 PSYoungGen      total 326656K, used 64K [0x00000000ec080000, 0x0000000100000000, 0x0000000100000000)
  eden space 326144K, 0% used [0x00000000ec080000,0x00000000ec080000,0x00000000fff00000)
  from space 512K, 12% used [0x00000000fff00000,0x00000000fff10000,0x00000000fff80000)
  to   space 512K, 0% used [0x00000000fff80000,0x00000000fff80000,0x0000000100000000)
 ParOldGen       total 49152K, used 44030K [0x00000000c4200000, 0x00000000c7200000, 0x00000000ec080000)
  object space 49152K, 89% used [0x00000000c4200000,0x00000000c6cff808,0x00000000c7200000)
 PSPermGen       total 77824K, used 38713K [0x00000000b9c00000, 0x00000000be800000, 0x00000000c4200000)
  object space 77824K, 49% used [0x00000000b9c00000,0x00000000bc1ce480,0x00000000be800000)
}
Event: 664.251 GC heap before
{Heap before GC invocations=1175 (full 1):
 PSYoungGen      total 326656K, used 326208K [0x00000000ec080000, 0x0000000100000000, 0x0000000100000000)
  eden space 326144K, 100% used [0x00000000ec080000,0x00000000fff00000,0x00000000fff00000)
  from space 512K, 12% used [0x00000000fff00000,0x00000000fff10000,0x00000000fff80000)
  to   space 512K, 0% used [0x00000000fff80000,0x00000000fff80000,0x0000000100000000)
 ParOldGen       total 49152K, used 44030K [0x00000000c4200000, 0x00000000c7200000, 0x00000000ec080000)
  object space 49152K, 89% used [0x00000000c4200000,0x00000000c6cff808,0x00000000c7200000)
 PSPermGen       total 77824K, used 38713K [0x00000000b9c00000, 0x00000000be800000, 0x00000000c4200000)
  object space 77824K, 49% used [0x00000000b9c00000,0x00000000bc1ce480,0x00000000be800000)
Event: 664.253 GC heap after
Heap after GC invocations=1175 (full 1):
 PSYoungGen      total 326656K, used 96K [0x00000000ec080000, 0x0000000100000000, 0x0000000100000000)
  eden space 326144K, 0% used [0x00000000ec080000,0x00000000ec080000,0x00000000fff00000)
  from space 512K, 18% used [0x00000000fff80000,0x00000000fff98000,0x0000000100000000)
  to   space 512K, 0% used [0x00000000fff00000,0x00000000fff00000,0x00000000fff80000)
 ParOldGen       total 49152K, used 44030K [0x00000000c4200000, 0x00000000c7200000, 0x00000000ec080000)
  object space 49152K, 89% used [0x00000000c4200000,0x00000000c6cff808,0x00000000c7200000)
 PSPermGen       total 77824K, used 38713K [0x00000000b9c00000, 0x00000000be800000, 0x00000000c4200000)
  object space 77824K, 49% used [0x00000000b9c00000,0x00000000bc1ce480,0x00000000be800000)
}

